<?xml version="1.0" encoding="UTF-8"?>
<testsuite xmlns:xsi="http://www.w3.org/2001/XMLSchema-instance" xsi:noNamespaceSchemaLocation="https://maven.apache.org/surefire/maven-surefire-plugin/xsd/surefire-test-report.xsd" version="3.0.2" name="pl.laina.plots.config.GuiIconsTest" time="0.154" tests="7" errors="0" skipped="0" failures="0">
  <properties>
[...]
</properties>
  <testcase name="positiveCustomModelDataUsesPaperComponentFloats" classname="pl.laina.plots.config.GuiIconsTest" time="0.092"/>
  <testcase name="missingCustomModelDataDoesNotSetIt" classname="pl.laina.plots.config.GuiIconsTest" time="0.051"/>
  <testcase name="ownerAndMemberUseTheirOwnConfiguredIcons" classname="pl.laina.plots.config.GuiIconsTest" time="0.002"/>
  <testcase name="missingIconsSectionUsesAllFallbacks" classname="pl.laina.plots.config.GuiIconsTest" time="0.001"/>
  <testcase name="loadsConfiguredMaterialAndCustomModelData" classname="pl.laina.plots.config.GuiIconsTest" time="0.002"/>
  <testcase name="invalidMaterialWarnsAndUsesPerIconFallback" classname="pl.laina.plots.config.GuiIconsTest" time="0.002"/>
  <testcase name="zeroCustomModelDataDoesNotTouchItemMeta" classname="pl.laina.plots.config.GuiIconsTest" time="0.001"/>
</testsuite>